Release 14.7 - ngc2edif P.20131013 (nt64)
Copyright (c) 1995-2013 Xilinx, Inc.  All rights reserved.
Reading design main.ngc ...
WARNING:NetListWriters:298 - No output is written to main.xncf, ignored.
Processing design ...
   Preping design's networks ...
   Preping design's macros ...
WARNING:NetListWriters:306 - Signal bus phase_accum<15 : 0> on block main is not
   reconstructed, because there are some missing bus signals.
  finished :Prep
Writing EDIF netlist file main.edif ...
ngc2edif: Total memory usage is 4311044 kilobytes

Release 14.7 - ngc2edif P.20131013 (nt64)
Copyright (c) 1995-2013 Xilinx, Inc.  All rights reserved.
Reading design main.ngc ...
WARNING:NetListWriters:298 - No output is written to main.xncf, ignored.
Processing design ...
   Preping design's networks ...
   Preping design's macros ...
WARNING:NetListWriters:306 - Signal bus phase_accum<15 : 0> on block main is not
   reconstructed, because there are some missing bus signals.
  finished :Prep
Writing EDIF netlist file main.edif ...
ngc2edif: Total memory usage is 4310452 kilobytes

Release 14.7 - ngc2edif P.20131013 (nt64)
Copyright (c) 1995-2013 Xilinx, Inc.  All rights reserved.
Reading design nco.ngc ...
WARNING:NetListWriters:298 - No output is written to nco.xncf, ignored.
Processing design ...
   Preping design's networks ...
   Preping design's macros ...
  finished :Prep
Writing EDIF netlist file nco.edif ...
ngc2edif: Total memory usage is 4314548 kilobytes

Release 14.7 - ngc2edif P.20131013 (nt64)
Copyright (c) 1995-2013 Xilinx, Inc.  All rights reserved.
Reading design main.ngc ...
WARNING:NetListWriters:298 - No output is written to main.xncf, ignored.
Processing design ...
   Preping design's networks ...
   Preping design's macros ...
WARNING:NetListWriters:306 - Signal bus phase_accum<15 : 0> on block main is not
   reconstructed, because there are some missing bus signals.
  finished :Prep
Writing EDIF netlist file main.edif ...
ngc2edif: Total memory usage is 4310452 kilobytes

Release 14.7 - ngc2edif P.20131013 (nt64)
Copyright (c) 1995-2013 Xilinx, Inc.  All rights reserved.
Reading design nco.ngc ...
WARNING:NetListWriters:298 - No output is written to nco.xncf, ignored.
Processing design ...
   Preping design's networks ...
   Preping design's macros ...
  finished :Prep
Writing EDIF netlist file nco.edif ...
ngc2edif: Total memory usage is 4314548 kilobytes

